  sfml visual.cpp
C:\Users\Mikolaj\source\repos\MCM\sfml visual.cpp(24,1): warning C4305: "argument": obcięcie z "double" do "float"
C:\Users\Mikolaj\source\repos\MCM\sfml visual.cpp(43,41): warning C4244: "argument": konwersja z "int" do "T", możliwa utrata danych
          with
          [
              T=float
          ]
C:\Users\Mikolaj\source\repos\MCM\sfml visual.cpp(43,34): warning C4244: "argument": konwersja z "int" do "T", możliwa utrata danych
          with
          [
              T=float
          ]
C:\Users\Mikolaj\source\repos\MCM\sfml visual.cpp(45,41): warning C4244: "argument": konwersja z "int" do "float", możliwa utrata danych
C:\Users\Mikolaj\source\repos\MCM\sfml visual.cpp(45,29): warning C4244: "argument": konwersja z "int" do "float", możliwa utrata danych
C:\Users\Mikolaj\source\repos\MCM\sfml visual.cpp(75,51): warning C4244: "argument": konwersja z "int" do "float", możliwa utrata danych
C:\Users\Mikolaj\source\repos\MCM\sfml visual.cpp(79,60): warning C4244: "argument": konwersja z "int" do "float", możliwa utrata danych
C:\Users\Mikolaj\source\repos\MCM\sfml visual.cpp(83,41): warning C4244: "argument": konwersja z "int" do "float", możliwa utrata danych
C:\Users\Mikolaj\source\repos\MCM\sfml visual.cpp(87,50): warning C4244: "argument": konwersja z "int" do "float", możliwa utrata danych
C:\Users\Mikolaj\source\repos\MCM\sfml visual.cpp(118,28): warning C4244: "inicjowanie": konwersja z "int" do "float", możliwa utrata danych
C:\Users\Mikolaj\source\repos\MCM\sfml visual.cpp(118,61): warning C4244: "inicjowanie": konwersja z "int" do "float", możliwa utrata danych
C:\Users\Mikolaj\source\repos\MCM\sfml visual.cpp(123,41): warning C4244: "argument": konwersja z "int" do "T", możliwa utrata danych
          with
          [
              T=float
          ]
C:\Users\Mikolaj\source\repos\MCM\sfml visual.cpp(123,34): warning C4244: "argument": konwersja z "int" do "T", możliwa utrata danych
          with
          [
              T=float
          ]
C:\Users\Mikolaj\source\repos\MCM\sfml visual.cpp(124,41): warning C4244: "argument": konwersja z "int" do "float", możliwa utrata danych
C:\Users\Mikolaj\source\repos\MCM\sfml visual.cpp(124,29): warning C4244: "argument": konwersja z "int" do "float", możliwa utrata danych
C:\Users\Mikolaj\source\repos\MCM\sfml visual.cpp(141,1): warning C4305: "argument": obcięcie z "double" do "float"
C:\Users\Mikolaj\source\repos\MCM\sfml visual.cpp(184,80): warning C4244: "argument": konwersja z "double" do "float", możliwa utrata danych
C:\Users\Mikolaj\source\repos\MCM\sfml visual.cpp(307,59): warning C4244: "argument": konwersja z "int" do "T", możliwa utrata danych
          with
          [
              T=float
          ]
C:\Users\Mikolaj\source\repos\MCM\sfml visual.cpp(307,50): warning C4244: "argument": konwersja z "int" do "T", możliwa utrata danych
          with
          [
              T=float
          ]
C:\Users\Mikolaj\source\repos\MCM\sfml visual.cpp(309,46): warning C4244: "argument": konwersja z "int" do "float", możliwa utrata danych
C:\Users\Mikolaj\source\repos\MCM\sfml visual.cpp(309,1): warning C4305: "argument": obcięcie z "double" do "float"
C:\Users\Mikolaj\source\repos\MCM\sfml visual.cpp(323,80): warning C4244: "argument": konwersja z "double" do "float", możliwa utrata danych
C:\Users\Mikolaj\source\repos\MCM\sfml visual.cpp(334,1): warning C4244: "+=": konwersja z "double" do "float", możliwa utrata danych
C:\Users\Mikolaj\source\repos\MCM\sfml visual.cpp(335,1): warning C4244: "+=": konwersja z "double" do "float", możliwa utrata danych
C:\Users\Mikolaj\source\repos\MCM\sfml visual.cpp(336,1): warning C4244: "+=": konwersja z "double" do "float", możliwa utrata danych
C:\Users\Mikolaj\source\repos\MCM\sfml visual.cpp(373,40): warning C4244: "argument": konwersja z "int" do "T", możliwa utrata danych
          with
          [
              T=float
          ]
C:\Users\Mikolaj\source\repos\MCM\sfml visual.cpp(373,34): warning C4244: "argument": konwersja z "int" do "T", możliwa utrata danych
          with
          [
              T=float
          ]
C:\Users\Mikolaj\source\repos\MCM\sfml visual.cpp(374,38): warning C4244: "argument": konwersja z "int" do "float", możliwa utrata danych
C:\Users\Mikolaj\source\repos\MCM\sfml visual.cpp(374,28): warning C4244: "argument": konwersja z "int" do "float", możliwa utrata danych
C:\Users\Mikolaj\source\repos\MCM\sfml visual.cpp(387,82): warning C4244: "argument": konwersja z "double" do "float", możliwa utrata danych
C:\Users\Mikolaj\source\repos\MCM\sfml visual.cpp(387,46): warning C4244: "argument": konwersja z "double" do "float", możliwa utrata danych
C:\Users\Mikolaj\source\repos\MCM\sfml visual.cpp(394,82): warning C4244: "argument": konwersja z "double" do "float", możliwa utrata danych
C:\Users\Mikolaj\source\repos\MCM\sfml visual.cpp(394,46): warning C4244: "argument": konwersja z "double" do "float", możliwa utrata danych
C:\Users\Mikolaj\source\repos\MCM\sfml visual.cpp(417,51): warning C4244: "=": konwersja z "double" do "float", możliwa utrata danych
C:\Users\Mikolaj\source\repos\MCM\sfml visual.cpp(430,63): warning C4390: ";": znaleziono kontrolowaną pustą instrukcję; czy to było zamierzone?
C:\Users\Mikolaj\source\repos\MCM\sfml visual.cpp(468,63): warning C4390: ";": znaleziono kontrolowaną pustą instrukcję; czy to było zamierzone?
C:\Users\Mikolaj\source\repos\MCM\sfml visual.cpp(489,10): warning C4305: "inicjowanie": obcięcie z "double" do "float"
  Trwa generowanie kodu
  1 of 265 functions ( 0.4%) were compiled, the rest were copied from previous compilation.
    0 functions were new in current compilation
    0 functions had inline decision re-evaluated but remain unchanged
  Zakończono generowanie kodu
  MCM.vcxproj -> C:\Users\Mikolaj\source\repos\MCM\x64\Release\MCM.exe
